<?xml version="1.0" encoding="UTF-8"?>
<testsuite xmlns:xsi="http://www.w3.org/2001/XMLSchema-instance" xsi:noNamespaceSchemaLocation="https://maven.apache.org/surefire/maven-surefire-plugin/xsd/surefire-test-report-3.0.xsd" version="3.0" name="test.java.CompilerTestAccept" time="0.058" tests="4" errors="0" skipped="0" failures="0">
  <properties>
[...]
</properties>
  <testcase name="testValidIOStatement" classname="test.java.CompilerTestAccept" time="0.024">
    <system-out><![CDATA[Reconociendo instrucción de E/S: write
Operación de E/S con: _var
]]></system-out>
  </testcase>
  <testcase name="testParseValidIfStatement" classname="test.java.CompilerTestAccept" time="0.007">
    <system-out><![CDATA[Reconociendo una declaración 'if' en el token if
Bloque 'if' reconocido con '{' en el índice 7
Reconociendo instrucción de E/S: write
Operación de E/S con: _var
]]></system-out>
  </testcase>
  <testcase name="testTokenizeValidInput" classname="test.java.CompilerTestAccept" time="0.004"/>
  <testcase name="testParseValidWhileStatement" classname="test.java.CompilerTestAccept" time="0.004"/>
</testsuite>