<?xml version="1.0" encoding="UTF-8"?>
<testsuite xmlns:xsi="http://www.w3.org/2001/XMLSchema-instance" xsi:noNamespaceSchemaLocation="https://maven.apache.org/surefire/maven-surefire-plugin/xsd/surefire-test-report-3.0.xsd" version="3.0" name="test.java.CompilerTest" time="0.141" tests="14" errors="0" skipped="0" failures="0">
  <properties>
[...]
</properties>
  <testcase name="testInvalidParenthesesInIfStatement" classname="test.java.CompilerTest" time="0.04">
    <system-out><![CDATA[Reconociendo una declaración 'if' en el token if
]]></system-out>
  </testcase>
  <testcase name="testInvalidBreakStatementOutsideLoop" classname="test.java.CompilerTest" time="0.0"/>
  <testcase name="testInvalidVariableDeclarationWithInvalidIdentifier" classname="test.java.CompilerTest" time="0.0">
    <system-out><![CDATA[Reconociendo una declaración de variable con tipo long
]]></system-out>
  </testcase>
  <testcase name="testValidIOStatement" classname="test.java.CompilerTest" time="0.019">
    <system-out><![CDATA[Reconociendo una instrucción de E/S: write
Operación de E/S con: _var
]]></system-out>
  </testcase>
  <testcase name="testParseValidIfStatement" classname="test.java.CompilerTest" time="0.005">
    <system-out><![CDATA[Reconociendo una declaración 'if' en el token if
Bloque 'if' reconocido.
Reconociendo una instrucción de E/S: write
Operación de E/S con: _var
]]></system-out>
  </testcase>
  <testcase name="testInvalidWhileMissingParenthesis" classname="test.java.CompilerTest" time="0.006"/>
  <testcase name="testInvalidIOStatementWithoutArguments" classname="test.java.CompilerTest" time="0.003">
    <system-out><![CDATA[Reconociendo una instrucción de E/S: write
]]></system-out>
  </testcase>
  <testcase name="testInvalidIOStatement" classname="test.java.CompilerTest" time="0.0">
    <system-out><![CDATA[Reconociendo una instrucción de E/S: write
]]></system-out>
  </testcase>
  <testcase name="testInvalidVariableDeclaration" classname="test.java.CompilerTest" time="0.007">
    <system-out><![CDATA[Reconociendo una declaración de variable con tipo long
]]></system-out>
  </testcase>
  <testcase name="testInvalidAssignmentWithoutEqualSign" classname="test.java.CompilerTest" time="0.002"/>
  <testcase name="testInvalidWhileMissingBrace" classname="test.java.CompilerTest" time="0.005"/>
  <testcase name="testMissingThenInIfStatement" classname="test.java.CompilerTest" time="0.002">
    <system-out><![CDATA[Reconociendo una declaración 'if' en el token if
]]></system-out>
  </testcase>
  <testcase name="testTokenizeValidInput" classname="test.java.CompilerTest" time="0.001"/>
  <testcase name="testInvalidBreakOutsideLoop" classname="test.java.CompilerTest" time="0.008"/>
</testsuite>